{"/Users/wenhaopiao/Desktop/repo/codefellows/HeyNeighbor/backend/auth/basic-auth.js": {"path":"/Users/wenhaopiao/Desktop/repo/codefellows/HeyNeighbor/backend/auth/basic-auth.js","statementMap":{"0":{"start":{"line":4,"column":15},"end":{"line":4,"column":33}},"1":{"start":{"line":5,"column":14},"end":{"line":5,"column":49}},"2":{"start":{"line":7,"column":0},"end":{"line":25,"column":2}},"3":{"start":{"line":9,"column":2},"end":{"line":24,"column":3}},"4":{"start":{"line":10,"column":4},"end":{"line":10,"column":35}},"5":{"start":{"line":13,"column":18},"end":{"line":13,"column":57}},"6":{"start":{"line":14,"column":33},"end":{"line":14,"column":64}},"7":{"start":{"line":16,"column":4},"end":{"line":23,"column":35}},"8":{"start":{"line":19,"column":22},"end":{"line":19,"column":52}},"9":{"start":{"line":20,"column":8},"end":{"line":20,"column":26}},"10":{"start":{"line":21,"column":8},"end":{"line":21,"column":15}},"11":{"start":{"line":23,"column":22},"end":{"line":23,"column":33}}},"fnMap":{"0":{"name":"(anonymous_0)","decl":{"start":{"line":7,"column":17},"end":{"line":7,"column":18}},"loc":{"start":{"line":7,"column":37},"end":{"line":25,"column":1}},"line":7},"1":{"name":"(anonymous_1)","decl":{"start":{"line":17,"column":12},"end":{"line":17,"column":13}},"loc":{"start":{"line":17,"column":25},"end":{"line":22,"column":7}},"line":17},"2":{"name":"(anonymous_2)","decl":{"start":{"line":23,"column":13},"end":{"line":23,"column":14}},"loc":{"start":{"line":23,"column":22},"end":{"line":23,"column":33}},"line":23}},"branchMap":{"0":{"loc":{"start":{"line":9,"column":2},"end":{"line":24,"column":3}},"type":"if","locations":[{"start":{"line":9,"column":2},"end":{"line":24,"column":3}},{"start":{"line":9,"column":2},"end":{"line":24,"column":3}}],"line":9}},"s":{"0":4,"1":4,"2":4,"3":0,"4":0,"5":0,"6":0,"7":0,"8":0,"9":0,"10":0,"11":0},"f":{"0":0,"1":0,"2":0},"b":{"0":[0,0]},"_coverageSchema":"1a1c01bbd47fc00a2c39e90264f33305004495a9","hash":"9527e90a6f190bcd982a66eeea5aca52cd9a9705"}
,"/Users/wenhaopiao/Desktop/repo/codefellows/HeyNeighbor/backend/auth/google-oauth/google-oauth.js": {"path":"/Users/wenhaopiao/Desktop/repo/codefellows/HeyNeighbor/backend/auth/google-oauth/google-oauth.js","statementMap":{"0":{"start":{"line":1,"column":0},"end":{"line":1,"column":27}},"1":{"start":{"line":2,"column":0},"end":{"line":2,"column":31}},"2":{"start":{"line":3,"column":0},"end":{"line":3,"column":35}},"3":{"start":{"line":6,"column":19},"end":{"line":6,"column":21}},"4":{"start":{"line":7,"column":19},"end":{"line":7,"column":40}},"5":{"start":{"line":8,"column":18},"end":{"line":8,"column":45}},"6":{"start":{"line":9,"column":22},"end":{"line":9,"column":53}},"7":{"start":{"line":10,"column":22},"end":{"line":10,"column":68}},"8":{"start":{"line":11,"column":18},"end":{"line":11,"column":47}},"9":{"start":{"line":13,"column":0},"end":{"line":64,"column":1}},"10":{"start":{"line":14,"column":2},"end":{"line":28,"column":3}},"11":{"start":{"line":15,"column":15},"end":{"line":15,"column":32}},"12":{"start":{"line":16,"column":4},"end":{"line":16,"column":35}},"13":{"start":{"line":17,"column":22},"end":{"line":17,"column":54}},"14":{"start":{"line":18,"column":4},"end":{"line":18,"column":50}},"15":{"start":{"line":19,"column":21},"end":{"line":19,"column":57}},"16":{"start":{"line":20,"column":4},"end":{"line":20,"column":47}},"17":{"start":{"line":21,"column":24},"end":{"line":21,"column":49}},"18":{"start":{"line":22,"column":4},"end":{"line":22,"column":20}},"19":{"start":{"line":23,"column":4},"end":{"line":23,"column":22}},"20":{"start":{"line":24,"column":4},"end":{"line":24,"column":40}},"21":{"start":{"line":25,"column":4},"end":{"line":25,"column":11}},"22":{"start":{"line":27,"column":6},"end":{"line":27,"column":34}},"23":{"start":{"line":31,"column":20},"end":{"line":39,"column":9}},"24":{"start":{"line":40,"column":8},"end":{"line":46,"column":9}},"25":{"start":{"line":41,"column":33},"end":{"line":41,"column":81}},"26":{"start":{"line":42,"column":12},"end":{"line":42,"column":40}},"27":{"start":{"line":45,"column":12},"end":{"line":45,"column":36}},"28":{"start":{"line":49,"column":8},"end":{"line":49,"column":30}},"29":{"start":{"line":52,"column":8},"end":{"line":52,"column":20}},"30":{"start":{"line":56,"column":25},"end":{"line":59,"column":9}},"31":{"start":{"line":60,"column":19},"end":{"line":60,"column":47}},"32":{"start":{"line":61,"column":20},"end":{"line":61,"column":45}},"33":{"start":{"line":62,"column":8},"end":{"line":62,"column":29}}},"fnMap":{"0":{"name":"googleOAuth","decl":{"start":{"line":13,"column":32},"end":{"line":13,"column":43}},"loc":{"start":{"line":13,"column":60},"end":{"line":64,"column":1}},"line":13},"1":{"name":"exchangeCodeForToken","decl":{"start":{"line":30,"column":19},"end":{"line":30,"column":39}},"loc":{"start":{"line":30,"column":46},"end":{"line":50,"column":5}},"line":30},"2":{"name":"getRemoteUserInfo","decl":{"start":{"line":51,"column":19},"end":{"line":51,"column":36}},"loc":{"start":{"line":51,"column":50},"end":{"line":53,"column":5}},"line":51},"3":{"name":"getUser","decl":{"start":{"line":55,"column":19},"end":{"line":55,"column":26}},"loc":{"start":{"line":55,"column":39},"end":{"line":63,"column":5}},"line":55}},"branchMap":{},"s":{"0":4,"1":4,"2":4,"3":4,"4":4,"5":4,"6":4,"7":4,"8":4,"9":4,"10":0,"11":0,"12":0,"13":0,"14":0,"15":0,"16":0,"17":0,"18":0,"19":0,"20":0,"21":0,"22":0,"23":0,"24":0,"25":0,"26":0,"27":0,"28":0,"29":0,"30":0,"31":0,"32":0,"33":0},"f":{"0":0,"1":0,"2":0,"3":0},"b":{},"_coverageSchema":"1a1c01bbd47fc00a2c39e90264f33305004495a9","hash":"e1947277bf6eb59f9126faa6d38cd04aeb0810d9"}
,"/Users/wenhaopiao/Desktop/repo/codefellows/HeyNeighbor/backend/lib/giveMeAStory.js": {"path":"/Users/wenhaopiao/Desktop/repo/codefellows/HeyNeighbor/backend/lib/giveMeAStory.js","statementMap":{"0":{"start":{"line":8,"column":21},"end":{"line":8,"column":23}},"1":{"start":{"line":9,"column":2},"end":{"line":26,"column":5}},"2":{"start":{"line":11,"column":4},"end":{"line":25,"column":5}},"3":{"start":{"line":12,"column":6},"end":{"line":12,"column":98}},"4":{"start":{"line":14,"column":9},"end":{"line":25,"column":5}},"5":{"start":{"line":15,"column":6},"end":{"line":15,"column":98}},"6":{"start":{"line":17,"column":9},"end":{"line":25,"column":5}},"7":{"start":{"line":18,"column":6},"end":{"line":18,"column":93}},"8":{"start":{"line":20,"column":9},"end":{"line":25,"column":5}},"9":{"start":{"line":21,"column":6},"end":{"line":21,"column":106}},"10":{"start":{"line":24,"column":6},"end":{"line":24,"column":59}},"11":{"start":{"line":27,"column":2},"end":{"line":27,"column":22}},"12":{"start":{"line":30,"column":0},"end":{"line":30,"column":30}}},"fnMap":{"0":{"name":"giveMeAStory","decl":{"start":{"line":6,"column":9},"end":{"line":6,"column":21}},"loc":{"start":{"line":6,"column":38},"end":{"line":28,"column":1}},"line":6},"1":{"name":"(anonymous_1)","decl":{"start":{"line":9,"column":27},"end":{"line":9,"column":28}},"loc":{"start":{"line":9,"column":37},"end":{"line":26,"column":3}},"line":9}},"branchMap":{"0":{"loc":{"start":{"line":11,"column":4},"end":{"line":25,"column":5}},"type":"if","locations":[{"start":{"line":11,"column":4},"end":{"line":25,"column":5}},{"start":{"line":11,"column":4},"end":{"line":25,"column":5}}],"line":11},"1":{"loc":{"start":{"line":14,"column":9},"end":{"line":25,"column":5}},"type":"if","locations":[{"start":{"line":14,"column":9},"end":{"line":25,"column":5}},{"start":{"line":14,"column":9},"end":{"line":25,"column":5}}],"line":14},"2":{"loc":{"start":{"line":17,"column":9},"end":{"line":25,"column":5}},"type":"if","locations":[{"start":{"line":17,"column":9},"end":{"line":25,"column":5}},{"start":{"line":17,"column":9},"end":{"line":25,"column":5}}],"line":17},"3":{"loc":{"start":{"line":20,"column":9},"end":{"line":25,"column":5}},"type":"if","locations":[{"start":{"line":20,"column":9},"end":{"line":25,"column":5}},{"start":{"line":20,"column":9},"end":{"line":25,"column":5}}],"line":20}},"s":{"0":1,"1":1,"2":3,"3":1,"4":2,"5":0,"6":2,"7":0,"8":2,"9":2,"10":0,"11":1,"12":4},"f":{"0":1,"1":3},"b":{"0":[1,2],"1":[0,2],"2":[0,2],"3":[2,0]},"_coverageSchema":"1a1c01bbd47fc00a2c39e90264f33305004495a9","hash":"db238f604dad3029f6b92ae34d73a94674db8879"}
,"/Users/wenhaopiao/Desktop/repo/codefellows/HeyNeighbor/backend/lib/server.js": {"path":"/Users/wenhaopiao/Desktop/repo/codefellows/HeyNeighbor/backend/lib/server.js","statementMap":{"0":{"start":{"line":6,"column":16},"end":{"line":6,"column":34}},"1":{"start":{"line":7,"column":15},"end":{"line":7,"column":32}},"2":{"start":{"line":8,"column":13},"end":{"line":8,"column":28}},"3":{"start":{"line":9,"column":15},"end":{"line":9,"column":32}},"4":{"start":{"line":10,"column":0},"end":{"line":10,"column":16}},"5":{"start":{"line":11,"column":12},"end":{"line":11,"column":21}},"6":{"start":{"line":14,"column":19},"end":{"line":14,"column":53}},"7":{"start":{"line":15,"column":21},"end":{"line":15,"column":57}},"8":{"start":{"line":16,"column":19},"end":{"line":16,"column":53}},"9":{"start":{"line":17,"column":21},"end":{"line":17,"column":57}},"10":{"start":{"line":19,"column":0},"end":{"line":19,"column":46}},"11":{"start":{"line":20,"column":0},"end":{"line":20,"column":36}},"12":{"start":{"line":21,"column":0},"end":{"line":21,"column":24}},"13":{"start":{"line":22,"column":0},"end":{"line":22,"column":23}},"14":{"start":{"line":23,"column":0},"end":{"line":23,"column":16}},"15":{"start":{"line":24,"column":0},"end":{"line":24,"column":20}},"16":{"start":{"line":25,"column":0},"end":{"line":25,"column":22}},"17":{"start":{"line":26,"column":0},"end":{"line":26,"column":20}},"18":{"start":{"line":27,"column":0},"end":{"line":27,"column":22}},"19":{"start":{"line":29,"column":0},"end":{"line":35,"column":2}},"20":{"start":{"line":32,"column":17},"end":{"line":32,"column":49}},"21":{"start":{"line":33,"column":4},"end":{"line":33,"column":76}},"22":{"start":{"line":33,"column":27},"end":{"line":33,"column":74}}},"fnMap":{"0":{"name":"(anonymous_0)","decl":{"start":{"line":31,"column":9},"end":{"line":31,"column":10}},"loc":{"start":{"line":31,"column":17},"end":{"line":34,"column":3}},"line":31},"1":{"name":"(anonymous_1)","decl":{"start":{"line":33,"column":21},"end":{"line":33,"column":22}},"loc":{"start":{"line":33,"column":27},"end":{"line":33,"column":74}},"line":33}},"branchMap":{"0":{"loc":{"start":{"line":32,"column":17},"end":{"line":32,"column":49}},"type":"binary-expr","locations":[{"start":{"line":32,"column":17},"end":{"line":32,"column":21}},{"start":{"line":32,"column":25},"end":{"line":32,"column":41}},{"start":{"line":32,"column":45},"end":{"line":32,"column":49}}],"line":32}},"s":{"0":4,"1":4,"2":4,"3":4,"4":4,"5":4,"6":4,"7":4,"8":4,"9":4,"10":4,"11":4,"12":4,"13":4,"14":4,"15":4,"16":4,"17":4,"18":4,"19":4,"20":0,"21":0,"22":0},"f":{"0":0,"1":0},"b":{"0":[0,0,0]},"_coverageSchema":"1a1c01bbd47fc00a2c39e90264f33305004495a9","hash":"aa12643d82c436cfa2d6c51981883a5f9452b152"}
,"/Users/wenhaopiao/Desktop/repo/codefellows/HeyNeighbor/backend/routes/itemRoutes.js": {"path":"/Users/wenhaopiao/Desktop/repo/codefellows/HeyNeighbor/backend/routes/itemRoutes.js","statementMap":{"0":{"start":{"line":3,"column":16},"end":{"line":3,"column":34}},"1":{"start":{"line":5,"column":19},"end":{"line":5,"column":35}},"2":{"start":{"line":7,"column":19},"end":{"line":7,"column":56}},"3":{"start":{"line":8,"column":14},"end":{"line":8,"column":44}},"4":{"start":{"line":9,"column":13},"end":{"line":9,"column":34}},"5":{"start":{"line":11,"column":0},"end":{"line":11,"column":41}},"6":{"start":{"line":12,"column":0},"end":{"line":12,"column":33}},"7":{"start":{"line":13,"column":0},"end":{"line":13,"column":35}},"8":{"start":{"line":14,"column":0},"end":{"line":14,"column":41}},"9":{"start":{"line":15,"column":0},"end":{"line":15,"column":51}},"10":{"start":{"line":19,"column":2},"end":{"line":25,"column":7}},"11":{"start":{"line":21,"column":6},"end":{"line":21,"column":33}},"12":{"start":{"line":24,"column":6},"end":{"line":24,"column":30}},"13":{"start":{"line":30,"column":2},"end":{"line":36,"column":7}},"14":{"start":{"line":32,"column":6},"end":{"line":32,"column":33}},"15":{"start":{"line":35,"column":6},"end":{"line":35,"column":30}},"16":{"start":{"line":41,"column":2},"end":{"line":47,"column":7}},"17":{"start":{"line":43,"column":6},"end":{"line":43,"column":33}},"18":{"start":{"line":46,"column":6},"end":{"line":46,"column":30}},"19":{"start":{"line":52,"column":2},"end":{"line":57,"column":3}},"20":{"start":{"line":53,"column":17},"end":{"line":53,"column":61}},"21":{"start":{"line":54,"column":4},"end":{"line":54,"column":33}},"22":{"start":{"line":56,"column":4},"end":{"line":56,"column":28}},"23":{"start":{"line":60,"column":0},"end":{"line":60,"column":28}}},"fnMap":{"0":{"name":"getITEM","decl":{"start":{"line":18,"column":9},"end":{"line":18,"column":16}},"loc":{"start":{"line":18,"column":28},"end":{"line":26,"column":1}},"line":18},"1":{"name":"(anonymous_1)","decl":{"start":{"line":20,"column":10},"end":{"line":20,"column":11}},"loc":{"start":{"line":20,"column":18},"end":{"line":22,"column":5}},"line":20},"2":{"name":"(anonymous_2)","decl":{"start":{"line":23,"column":11},"end":{"line":23,"column":12}},"loc":{"start":{"line":23,"column":16},"end":{"line":25,"column":5}},"line":23},"3":{"name":"postITEM","decl":{"start":{"line":29,"column":9},"end":{"line":29,"column":17}},"loc":{"start":{"line":29,"column":28},"end":{"line":37,"column":1}},"line":29},"4":{"name":"(anonymous_4)","decl":{"start":{"line":31,"column":10},"end":{"line":31,"column":11}},"loc":{"start":{"line":31,"column":18},"end":{"line":33,"column":5}},"line":31},"5":{"name":"(anonymous_5)","decl":{"start":{"line":34,"column":11},"end":{"line":34,"column":12}},"loc":{"start":{"line":34,"column":16},"end":{"line":36,"column":5}},"line":34},"6":{"name":"putITEM","decl":{"start":{"line":40,"column":9},"end":{"line":40,"column":16}},"loc":{"start":{"line":40,"column":28},"end":{"line":48,"column":1}},"line":40},"7":{"name":"(anonymous_7)","decl":{"start":{"line":42,"column":10},"end":{"line":42,"column":11}},"loc":{"start":{"line":42,"column":18},"end":{"line":44,"column":5}},"line":42},"8":{"name":"(anonymous_8)","decl":{"start":{"line":45,"column":11},"end":{"line":45,"column":12}},"loc":{"start":{"line":45,"column":16},"end":{"line":47,"column":5}},"line":45},"9":{"name":"deactivateITEM","decl":{"start":{"line":51,"column":15},"end":{"line":51,"column":29}},"loc":{"start":{"line":51,"column":41},"end":{"line":58,"column":1}},"line":51}},"branchMap":{},"s":{"0":4,"1":4,"2":4,"3":4,"4":4,"5":4,"6":4,"7":4,"8":4,"9":4,"10":6,"11":6,"12":0,"13":4,"14":4,"15":0,"16":2,"17":2,"18":0,"19":2,"20":2,"21":1,"22":1,"23":4},"f":{"0":6,"1":6,"2":0,"3":4,"4":4,"5":0,"6":2,"7":2,"8":0,"9":2},"b":{},"_coverageSchema":"1a1c01bbd47fc00a2c39e90264f33305004495a9","hash":"bf826e0114b5fec4ab4ce9a3c557f95ba4ad5cbd"}
,"/Users/wenhaopiao/Desktop/repo/codefellows/HeyNeighbor/backend/routes/rentalRoutes.js": {"path":"/Users/wenhaopiao/Desktop/repo/codefellows/HeyNeighbor/backend/routes/rentalRoutes.js","statementMap":{"0":{"start":{"line":4,"column":16},"end":{"line":4,"column":34}},"1":{"start":{"line":5,"column":21},"end":{"line":5,"column":37}},"2":{"start":{"line":7,"column":21},"end":{"line":7,"column":59}},"3":{"start":{"line":8,"column":14},"end":{"line":8,"column":44}},"4":{"start":{"line":9,"column":19},"end":{"line":9,"column":55}},"5":{"start":{"line":10,"column":21},"end":{"line":10,"column":54}},"6":{"start":{"line":12,"column":0},"end":{"line":12,"column":46}},"7":{"start":{"line":13,"column":0},"end":{"line":13,"column":50}},"8":{"start":{"line":14,"column":0},"end":{"line":14,"column":49}},"9":{"start":{"line":15,"column":0},"end":{"line":15,"column":60}},"10":{"start":{"line":16,"column":0},"end":{"line":16,"column":60}},"11":{"start":{"line":17,"column":0},"end":{"line":17,"column":56}},"12":{"start":{"line":23,"column":2},"end":{"line":46,"column":3}},"13":{"start":{"line":24,"column":18},"end":{"line":27,"column":32}},"14":{"start":{"line":28,"column":4},"end":{"line":28,"column":36}},"15":{"start":{"line":30,"column":25},"end":{"line":30,"column":27}},"16":{"start":{"line":31,"column":4},"end":{"line":39,"column":7}},"17":{"start":{"line":32,"column":16},"end":{"line":32,"column":18}},"18":{"start":{"line":33,"column":6},"end":{"line":33,"column":30}},"19":{"start":{"line":34,"column":6},"end":{"line":34,"column":44}},"20":{"start":{"line":35,"column":6},"end":{"line":35,"column":50}},"21":{"start":{"line":36,"column":6},"end":{"line":36,"column":38}},"22":{"start":{"line":37,"column":6},"end":{"line":37,"column":50}},"23":{"start":{"line":38,"column":6},"end":{"line":38,"column":31}},"24":{"start":{"line":41,"column":25},"end":{"line":41,"column":53}},"25":{"start":{"line":43,"column":4},"end":{"line":43,"column":41}},"26":{"start":{"line":45,"column":4},"end":{"line":45,"column":28}},"27":{"start":{"line":52,"column":2},"end":{"line":58,"column":3}},"28":{"start":{"line":53,"column":22},"end":{"line":53,"column":45}},"29":{"start":{"line":54,"column":20},"end":{"line":54,"column":54}},"30":{"start":{"line":55,"column":4},"end":{"line":55,"column":36}},"31":{"start":{"line":57,"column":4},"end":{"line":57,"column":28}},"32":{"start":{"line":65,"column":2},"end":{"line":84,"column":3}},"33":{"start":{"line":66,"column":22},"end":{"line":66,"column":45}},"34":{"start":{"line":67,"column":24},"end":{"line":67,"column":64}},"35":{"start":{"line":68,"column":20},"end":{"line":68,"column":41}},"36":{"start":{"line":69,"column":22},"end":{"line":69,"column":26}},"37":{"start":{"line":70,"column":4},"end":{"line":80,"column":5}},"38":{"start":{"line":71,"column":6},"end":{"line":74,"column":21}},"39":{"start":{"line":75,"column":10},"end":{"line":80,"column":5}},"40":{"start":{"line":76,"column":6},"end":{"line":79,"column":21}},"41":{"start":{"line":81,"column":4},"end":{"line":81,"column":40}},"42":{"start":{"line":83,"column":4},"end":{"line":83,"column":28}},"43":{"start":{"line":89,"column":20},"end":{"line":89,"column":43}},"44":{"start":{"line":90,"column":2},"end":{"line":95,"column":3}},"45":{"start":{"line":91,"column":21},"end":{"line":91,"column":58}},"46":{"start":{"line":92,"column":4},"end":{"line":92,"column":35}},"47":{"start":{"line":94,"column":4},"end":{"line":94,"column":28}},"48":{"start":{"line":100,"column":20},"end":{"line":100,"column":43}},"49":{"start":{"line":101,"column":17},"end":{"line":101,"column":54}},"50":{"start":{"line":102,"column":28},"end":{"line":102,"column":37}},"51":{"start":{"line":103,"column":2},"end":{"line":108,"column":3}},"52":{"start":{"line":104,"column":4},"end":{"line":104,"column":35}},"53":{"start":{"line":106,"column":24},"end":{"line":106,"column":97}},"54":{"start":{"line":107,"column":4},"end":{"line":107,"column":40}},"55":{"start":{"line":112,"column":0},"end":{"line":112,"column":30}}},"fnMap":{"0":{"name":"getPrettyRecords","decl":{"start":{"line":21,"column":15},"end":{"line":21,"column":31}},"loc":{"start":{"line":21,"column":40},"end":{"line":48,"column":1}},"line":21},"1":{"name":"(anonymous_1)","decl":{"start":{"line":31,"column":20},"end":{"line":31,"column":21}},"loc":{"start":{"line":31,"column":33},"end":{"line":39,"column":5}},"line":31},"2":{"name":"createRentalDoc","decl":{"start":{"line":51,"column":15},"end":{"line":51,"column":30}},"loc":{"start":{"line":51,"column":39},"end":{"line":59,"column":1}},"line":51},"3":{"name":"incrementRentalProcess","decl":{"start":{"line":64,"column":15},"end":{"line":64,"column":37}},"loc":{"start":{"line":64,"column":46},"end":{"line":85,"column":1}},"line":64},"4":{"name":"getRentalDocs","decl":{"start":{"line":88,"column":15},"end":{"line":88,"column":28}},"loc":{"start":{"line":88,"column":37},"end":{"line":96,"column":1}},"line":88},"5":{"name":"deactivateRentalDoc","decl":{"start":{"line":99,"column":15},"end":{"line":99,"column":34}},"loc":{"start":{"line":99,"column":43},"end":{"line":110,"column":1}},"line":99}},"branchMap":{"0":{"loc":{"start":{"line":70,"column":4},"end":{"line":80,"column":5}},"type":"if","locations":[{"start":{"line":70,"column":4},"end":{"line":80,"column":5}},{"start":{"line":70,"column":4},"end":{"line":80,"column":5}}],"line":70},"1":{"loc":{"start":{"line":75,"column":10},"end":{"line":80,"column":5}},"type":"if","locations":[{"start":{"line":75,"column":10},"end":{"line":80,"column":5}},{"start":{"line":75,"column":10},"end":{"line":80,"column":5}}],"line":75},"2":{"loc":{"start":{"line":103,"column":2},"end":{"line":108,"column":3}},"type":"if","locations":[{"start":{"line":103,"column":2},"end":{"line":108,"column":3}},{"start":{"line":103,"column":2},"end":{"line":108,"column":3}}],"line":103}},"s":{"0":4,"1":4,"2":4,"3":4,"4":4,"5":4,"6":4,"7":4,"8":4,"9":4,"10":4,"11":4,"12":1,"13":1,"14":1,"15":1,"16":1,"17":3,"18":3,"19":3,"20":3,"21":3,"22":3,"23":3,"24":1,"25":1,"26":0,"27":3,"28":3,"29":3,"30":3,"31":0,"32":6,"33":6,"34":6,"35":6,"36":6,"37":6,"38":2,"39":4,"40":2,"41":6,"42":0,"43":2,"44":2,"45":2,"46":2,"47":0,"48":4,"49":4,"50":4,"51":4,"52":2,"53":2,"54":2,"55":4},"f":{"0":1,"1":3,"2":3,"3":6,"4":2,"5":4},"b":{"0":[2,4],"1":[2,2],"2":[2,2]},"_coverageSchema":"1a1c01bbd47fc00a2c39e90264f33305004495a9","hash":"9d22b0b31712b6c03b77b7fe868c766b3eb0768c"}
,"/Users/wenhaopiao/Desktop/repo/codefellows/HeyNeighbor/backend/routes/reviewRoutes.js": {"path":"/Users/wenhaopiao/Desktop/repo/codefellows/HeyNeighbor/backend/routes/reviewRoutes.js","statementMap":{"0":{"start":{"line":3,"column":16},"end":{"line":3,"column":34}},"1":{"start":{"line":5,"column":21},"end":{"line":5,"column":37}},"2":{"start":{"line":6,"column":21},"end":{"line":6,"column":59}},"3":{"start":{"line":7,"column":14},"end":{"line":7,"column":44}},"4":{"start":{"line":11,"column":0},"end":{"line":15,"column":3}},"5":{"start":{"line":12,"column":20},"end":{"line":12,"column":43}},"6":{"start":{"line":13,"column":16},"end":{"line":13,"column":39}},"7":{"start":{"line":14,"column":2},"end":{"line":14,"column":32}},"8":{"start":{"line":17,"column":0},"end":{"line":21,"column":3}},"9":{"start":{"line":18,"column":20},"end":{"line":18,"column":43}},"10":{"start":{"line":19,"column":16},"end":{"line":19,"column":52}},"11":{"start":{"line":20,"column":2},"end":{"line":20,"column":32}},"12":{"start":{"line":25,"column":0},"end":{"line":30,"column":3}},"13":{"start":{"line":27,"column":14},"end":{"line":27,"column":92}},"14":{"start":{"line":28,"column":16},"end":{"line":28,"column":46}},"15":{"start":{"line":29,"column":2},"end":{"line":29,"column":32}},"16":{"start":{"line":32,"column":0},"end":{"line":40,"column":3}},"17":{"start":{"line":33,"column":20},"end":{"line":33,"column":43}},"18":{"start":{"line":34,"column":2},"end":{"line":39,"column":3}},"19":{"start":{"line":35,"column":17},"end":{"line":35,"column":51}},"20":{"start":{"line":36,"column":4},"end":{"line":36,"column":33}},"21":{"start":{"line":38,"column":4},"end":{"line":38,"column":28}},"22":{"start":{"line":42,"column":0},"end":{"line":51,"column":3}},"23":{"start":{"line":43,"column":20},"end":{"line":43,"column":43}},"24":{"start":{"line":44,"column":2},"end":{"line":50,"column":7}},"25":{"start":{"line":46,"column":6},"end":{"line":46,"column":36}},"26":{"start":{"line":49,"column":6},"end":{"line":49,"column":30}},"27":{"start":{"line":53,"column":0},"end":{"line":62,"column":3}},"28":{"start":{"line":54,"column":20},"end":{"line":54,"column":43}},"29":{"start":{"line":55,"column":2},"end":{"line":61,"column":7}},"30":{"start":{"line":57,"column":6},"end":{"line":57,"column":35}},"31":{"start":{"line":60,"column":6},"end":{"line":60,"column":30}},"32":{"start":{"line":66,"column":0},"end":{"line":66,"column":30}}},"fnMap":{"0":{"name":"(anonymous_0)","decl":{"start":{"line":11,"column":28},"end":{"line":11,"column":29}},"loc":{"start":{"line":11,"column":47},"end":{"line":15,"column":1}},"line":11},"1":{"name":"(anonymous_1)","decl":{"start":{"line":17,"column":32},"end":{"line":17,"column":33}},"loc":{"start":{"line":17,"column":50},"end":{"line":21,"column":1}},"line":17},"2":{"name":"(anonymous_2)","decl":{"start":{"line":25,"column":46},"end":{"line":25,"column":47}},"loc":{"start":{"line":25,"column":64},"end":{"line":30,"column":1}},"line":25},"3":{"name":"(anonymous_3)","decl":{"start":{"line":32,"column":29},"end":{"line":32,"column":30}},"loc":{"start":{"line":32,"column":47},"end":{"line":40,"column":1}},"line":32},"4":{"name":"(anonymous_4)","decl":{"start":{"line":42,"column":32},"end":{"line":42,"column":33}},"loc":{"start":{"line":42,"column":51},"end":{"line":51,"column":1}},"line":42},"5":{"name":"(anonymous_5)","decl":{"start":{"line":45,"column":10},"end":{"line":45,"column":11}},"loc":{"start":{"line":45,"column":21},"end":{"line":47,"column":5}},"line":45},"6":{"name":"(anonymous_6)","decl":{"start":{"line":48,"column":11},"end":{"line":48,"column":12}},"loc":{"start":{"line":48,"column":15},"end":{"line":50,"column":5}},"line":48},"7":{"name":"(anonymous_7)","decl":{"start":{"line":53,"column":35},"end":{"line":53,"column":36}},"loc":{"start":{"line":53,"column":54},"end":{"line":62,"column":1}},"line":53},"8":{"name":"(anonymous_8)","decl":{"start":{"line":56,"column":10},"end":{"line":56,"column":11}},"loc":{"start":{"line":56,"column":20},"end":{"line":58,"column":5}},"line":56},"9":{"name":"(anonymous_9)","decl":{"start":{"line":59,"column":11},"end":{"line":59,"column":12}},"loc":{"start":{"line":59,"column":16},"end":{"line":61,"column":5}},"line":59}},"branchMap":{},"s":{"0":4,"1":4,"2":4,"3":4,"4":4,"5":1,"6":1,"7":1,"8":4,"9":1,"10":1,"11":1,"12":4,"13":2,"14":2,"15":2,"16":4,"17":2,"18":2,"19":2,"20":2,"21":0,"22":4,"23":0,"24":0,"25":0,"26":0,"27":4,"28":0,"29":0,"30":0,"31":0,"32":4},"f":{"0":1,"1":1,"2":2,"3":2,"4":0,"5":0,"6":0,"7":0,"8":0,"9":0},"b":{},"_coverageSchema":"1a1c01bbd47fc00a2c39e90264f33305004495a9","hash":"7fb01f145efa218216c73cb32b6792a411092a2c"}
,"/Users/wenhaopiao/Desktop/repo/codefellows/HeyNeighbor/backend/routes/userRoutes.js": {"path":"/Users/wenhaopiao/Desktop/repo/codefellows/HeyNeighbor/backend/routes/userRoutes.js","statementMap":{"0":{"start":{"line":4,"column":16},"end":{"line":4,"column":34}},"1":{"start":{"line":5,"column":19},"end":{"line":5,"column":35}},"2":{"start":{"line":6,"column":19},"end":{"line":6,"column":40}},"3":{"start":{"line":7,"column":19},"end":{"line":7,"column":55}},"4":{"start":{"line":8,"column":14},"end":{"line":8,"column":44}},"5":{"start":{"line":9,"column":14},"end":{"line":9,"column":49}},"6":{"start":{"line":10,"column":18},"end":{"line":10,"column":50}},"7":{"start":{"line":11,"column":19},"end":{"line":11,"column":55}},"8":{"start":{"line":13,"column":14},"end":{"line":13,"column":61}},"9":{"start":{"line":15,"column":0},"end":{"line":31,"column":3}},"10":{"start":{"line":16,"column":14},"end":{"line":16,"column":31}},"11":{"start":{"line":17,"column":27},"end":{"line":17,"column":86}},"12":{"start":{"line":18,"column":2},"end":{"line":30,"column":7}},"13":{"start":{"line":20,"column":23},"end":{"line":20,"column":42}},"14":{"start":{"line":21,"column":20},"end":{"line":21,"column":53}},"15":{"start":{"line":22,"column":24},"end":{"line":27,"column":7}},"16":{"start":{"line":28,"column":6},"end":{"line":28,"column":30}},"17":{"start":{"line":29,"column":6},"end":{"line":29,"column":34}},"18":{"start":{"line":33,"column":0},"end":{"line":45,"column":3}},"19":{"start":{"line":34,"column":18},"end":{"line":34,"column":39}},"20":{"start":{"line":35,"column":2},"end":{"line":44,"column":3}},"21":{"start":{"line":36,"column":17},"end":{"line":38,"column":6}},"22":{"start":{"line":39,"column":4},"end":{"line":41,"column":5}},"23":{"start":{"line":40,"column":6},"end":{"line":40,"column":38}},"24":{"start":{"line":43,"column":4},"end":{"line":43,"column":28}},"25":{"start":{"line":47,"column":0},"end":{"line":47,"column":41}},"26":{"start":{"line":48,"column":0},"end":{"line":48,"column":52}},"27":{"start":{"line":50,"column":0},"end":{"line":50,"column":37}},"28":{"start":{"line":52,"column":0},"end":{"line":52,"column":41}},"29":{"start":{"line":53,"column":0},"end":{"line":53,"column":37}},"30":{"start":{"line":54,"column":0},"end":{"line":54,"column":40}},"31":{"start":{"line":60,"column":0},"end":{"line":60,"column":47}},"32":{"start":{"line":61,"column":0},"end":{"line":61,"column":50}},"33":{"start":{"line":64,"column":0},"end":{"line":66,"column":3}},"34":{"start":{"line":65,"column":2},"end":{"line":65,"column":32}},"35":{"start":{"line":69,"column":2},"end":{"line":69,"column":34}},"36":{"start":{"line":74,"column":2},"end":{"line":82,"column":7}},"37":{"start":{"line":77,"column":20},"end":{"line":77,"column":48}},"38":{"start":{"line":78,"column":6},"end":{"line":78,"column":34}},"39":{"start":{"line":81,"column":6},"end":{"line":81,"column":34}},"40":{"start":{"line":87,"column":18},"end":{"line":87,"column":39}},"41":{"start":{"line":88,"column":17},"end":{"line":88,"column":44}},"42":{"start":{"line":89,"column":2},"end":{"line":91,"column":5}},"43":{"start":{"line":90,"column":4},"end":{"line":90,"column":25}},"44":{"start":{"line":92,"column":2},"end":{"line":92,"column":33}},"45":{"start":{"line":97,"column":19},"end":{"line":97,"column":36}},"46":{"start":{"line":99,"column":2},"end":{"line":101,"column":5}},"47":{"start":{"line":100,"column":4},"end":{"line":100,"column":25}},"48":{"start":{"line":102,"column":2},"end":{"line":102,"column":33}},"49":{"start":{"line":106,"column":2},"end":{"line":112,"column":7}},"50":{"start":{"line":108,"column":6},"end":{"line":108,"column":38}},"51":{"start":{"line":111,"column":6},"end":{"line":111,"column":53}},"52":{"start":{"line":116,"column":2},"end":{"line":123,"column":3}},"53":{"start":{"line":117,"column":17},"end":{"line":117,"column":45}},"54":{"start":{"line":118,"column":4},"end":{"line":118,"column":31}},"55":{"start":{"line":119,"column":4},"end":{"line":119,"column":27}},"56":{"start":{"line":120,"column":4},"end":{"line":120,"column":33}},"57":{"start":{"line":122,"column":4},"end":{"line":122,"column":28}},"58":{"start":{"line":128,"column":22},"end":{"line":128,"column":65}},"59":{"start":{"line":129,"column":2},"end":{"line":129,"column":36}},"60":{"start":{"line":133,"column":2},"end":{"line":133,"column":49}},"61":{"start":{"line":134,"column":18},"end":{"line":134,"column":39}},"62":{"start":{"line":135,"column":2},"end":{"line":136,"column":50}},"63":{"start":{"line":138,"column":2},"end":{"line":138,"column":56}},"64":{"start":{"line":141,"column":0},"end":{"line":141,"column":28}}},"fnMap":{"0":{"name":"(anonymous_0)","decl":{"start":{"line":15,"column":26},"end":{"line":15,"column":27}},"loc":{"start":{"line":15,"column":40},"end":{"line":31,"column":1}},"line":15},"1":{"name":"(anonymous_1)","decl":{"start":{"line":19,"column":10},"end":{"line":19,"column":11}},"loc":{"start":{"line":19,"column":22},"end":{"line":30,"column":5}},"line":19},"2":{"name":"(anonymous_2)","decl":{"start":{"line":33,"column":39},"end":{"line":33,"column":40}},"loc":{"start":{"line":33,"column":65},"end":{"line":45,"column":1}},"line":33},"3":{"name":"(anonymous_3)","decl":{"start":{"line":64,"column":24},"end":{"line":64,"column":25}},"loc":{"start":{"line":64,"column":40},"end":{"line":66,"column":1}},"line":64},"4":{"name":"handleSignin","decl":{"start":{"line":68,"column":9},"end":{"line":68,"column":21}},"loc":{"start":{"line":68,"column":32},"end":{"line":70,"column":1}},"line":68},"5":{"name":"handleSignup","decl":{"start":{"line":73,"column":9},"end":{"line":73,"column":21}},"loc":{"start":{"line":73,"column":32},"end":{"line":83,"column":1}},"line":73},"6":{"name":"(anonymous_6)","decl":{"start":{"line":75,"column":10},"end":{"line":75,"column":11}},"loc":{"start":{"line":75,"column":21},"end":{"line":79,"column":5}},"line":75},"7":{"name":"(anonymous_7)","decl":{"start":{"line":80,"column":11},"end":{"line":80,"column":12}},"loc":{"start":{"line":80,"column":20},"end":{"line":82,"column":5}},"line":80},"8":{"name":"getAllActiveUsers","decl":{"start":{"line":86,"column":15},"end":{"line":86,"column":32}},"loc":{"start":{"line":86,"column":42},"end":{"line":93,"column":1}},"line":86},"9":{"name":"(anonymous_9)","decl":{"start":{"line":89,"column":20},"end":{"line":89,"column":21}},"loc":{"start":{"line":89,"column":28},"end":{"line":91,"column":3}},"line":89},"10":{"name":"getAllUsers","decl":{"start":{"line":96,"column":15},"end":{"line":96,"column":26}},"loc":{"start":{"line":96,"column":37},"end":{"line":103,"column":1}},"line":96},"11":{"name":"(anonymous_11)","decl":{"start":{"line":99,"column":20},"end":{"line":99,"column":21}},"loc":{"start":{"line":99,"column":28},"end":{"line":101,"column":3}},"line":99},"12":{"name":"getUserById","decl":{"start":{"line":105,"column":15},"end":{"line":105,"column":26}},"loc":{"start":{"line":105,"column":37},"end":{"line":113,"column":1}},"line":105},"13":{"name":"(anonymous_13)","decl":{"start":{"line":107,"column":10},"end":{"line":107,"column":11}},"loc":{"start":{"line":107,"column":20},"end":{"line":109,"column":5}},"line":107},"14":{"name":"(anonymous_14)","decl":{"start":{"line":110,"column":11},"end":{"line":110,"column":12}},"loc":{"start":{"line":110,"column":17},"end":{"line":112,"column":5}},"line":110},"15":{"name":"createUser","decl":{"start":{"line":115,"column":15},"end":{"line":115,"column":25}},"loc":{"start":{"line":115,"column":35},"end":{"line":124,"column":1}},"line":115},"16":{"name":"updateUser","decl":{"start":{"line":126,"column":15},"end":{"line":126,"column":25}},"loc":{"start":{"line":126,"column":36},"end":{"line":130,"column":1}},"line":126},"17":{"name":"deactivateUser","decl":{"start":{"line":132,"column":15},"end":{"line":132,"column":29}},"loc":{"start":{"line":132,"column":40},"end":{"line":139,"column":1}},"line":132}},"branchMap":{"0":{"loc":{"start":{"line":39,"column":4},"end":{"line":41,"column":5}},"type":"if","locations":[{"start":{"line":39,"column":4},"end":{"line":41,"column":5}},{"start":{"line":39,"column":4},"end":{"line":41,"column":5}}],"line":39}},"s":{"0":4,"1":4,"2":4,"3":4,"4":4,"5":4,"6":4,"7":4,"8":4,"9":4,"10":0,"11":0,"12":0,"13":0,"14":0,"15":0,"16":0,"17":0,"18":4,"19":1,"20":1,"21":1,"22":1,"23":1,"24":0,"25":4,"26":4,"27":4,"28":4,"29":4,"30":4,"31":4,"32":4,"33":4,"34":1,"35":0,"36":2,"37":1,"38":1,"39":1,"40":0,"41":0,"42":0,"43":0,"44":0,"45":1,"46":1,"47":2,"48":1,"49":1,"50":1,"51":0,"52":11,"53":11,"54":10,"55":10,"56":10,"57":1,"58":1,"59":1,"60":0,"61":0,"62":0,"63":0,"64":4},"f":{"0":0,"1":0,"2":1,"3":1,"4":0,"5":2,"6":1,"7":1,"8":0,"9":0,"10":1,"11":2,"12":1,"13":1,"14":0,"15":11,"16":1,"17":0},"b":{"0":[1,0]},"_coverageSchema":"1a1c01bbd47fc00a2c39e90264f33305004495a9","hash":"f71e0c480e275085ca8ce228d9200da17aa5f6e2"}
,"/Users/wenhaopiao/Desktop/repo/codefellows/HeyNeighbor/backend/schemas/item-schema.js": {"path":"/Users/wenhaopiao/Desktop/repo/codefellows/HeyNeighbor/backend/schemas/item-schema.js","statementMap":{"0":{"start":{"line":3,"column":17},"end":{"line":3,"column":36}},"1":{"start":{"line":4,"column":15},"end":{"line":4,"column":30}},"2":{"start":{"line":6,"column":19},"end":{"line":24,"column":2}},"3":{"start":{"line":19,"column":6},"end":{"line":21,"column":7}},"4":{"start":{"line":20,"column":8},"end":{"line":20,"column":27}},"5":{"start":{"line":21,"column":7},"end":{"line":21,"column":19}},"6":{"start":{"line":27,"column":0},"end":{"line":27,"column":52}}},"fnMap":{"0":{"name":"(anonymous_0)","decl":{"start":{"line":18,"column":13},"end":{"line":18,"column":14}},"loc":{"start":{"line":18,"column":24},"end":{"line":22,"column":5}},"line":18}},"branchMap":{"0":{"loc":{"start":{"line":19,"column":6},"end":{"line":21,"column":7}},"type":"if","locations":[{"start":{"line":19,"column":6},"end":{"line":21,"column":7}},{"start":{"line":19,"column":6},"end":{"line":21,"column":7}}],"line":19}},"s":{"0":4,"1":4,"2":4,"3":4,"4":4,"5":0,"6":4},"f":{"0":4},"b":{"0":[4,0]},"_coverageSchema":"1a1c01bbd47fc00a2c39e90264f33305004495a9","hash":"68987c98e3e3a0bc4c592e6e8625a34b531448c8"}
,"/Users/wenhaopiao/Desktop/repo/codefellows/HeyNeighbor/backend/schemas/model.js": {"path":"/Users/wenhaopiao/Desktop/repo/codefellows/HeyNeighbor/backend/schemas/model.js","statementMap":{"0":{"start":{"line":8,"column":4},"end":{"line":8,"column":25}},"1":{"start":{"line":14,"column":22},"end":{"line":14,"column":45}},"2":{"start":{"line":15,"column":4},"end":{"line":15,"column":28}},"3":{"start":{"line":19,"column":16},"end":{"line":19,"column":30}},"4":{"start":{"line":20,"column":4},"end":{"line":20,"column":35}},"5":{"start":{"line":24,"column":4},"end":{"line":30,"column":7}},"6":{"start":{"line":25,"column":6},"end":{"line":29,"column":7}},"7":{"start":{"line":26,"column":8},"end":{"line":27,"column":11}},"8":{"start":{"line":28,"column":8},"end":{"line":28,"column":19}},"9":{"start":{"line":31,"column":12},"end":{"line":31,"column":43}},"10":{"start":{"line":32,"column":4},"end":{"line":32,"column":13}},"11":{"start":{"line":37,"column":22},"end":{"line":42,"column":20}},"12":{"start":{"line":45,"column":4},"end":{"line":49,"column":5}},"13":{"start":{"line":46,"column":6},"end":{"line":46,"column":75}},"14":{"start":{"line":48,"column":6},"end":{"line":48,"column":25}},"15":{"start":{"line":55,"column":24},"end":{"line":55,"column":43}},"16":{"start":{"line":56,"column":4},"end":{"line":56,"column":41}},"17":{"start":{"line":61,"column":4},"end":{"line":61,"column":70}},"18":{"start":{"line":66,"column":4},"end":{"line":66,"column":46}},"19":{"start":{"line":71,"column":18},"end":{"line":71,"column":35}},"20":{"start":{"line":72,"column":4},"end":{"line":72,"column":35}},"21":{"start":{"line":76,"column":0},"end":{"line":76,"column":23}}},"fnMap":{"0":{"name":"(anonymous_0)","decl":{"start":{"line":7,"column":2},"end":{"line":7,"column":3}},"loc":{"start":{"line":7,"column":22},"end":{"line":9,"column":3}},"line":7},"1":{"name":"(anonymous_1)","decl":{"start":{"line":13,"column":2},"end":{"line":13,"column":3}},"loc":{"start":{"line":13,"column":17},"end":{"line":16,"column":3}},"line":13},"2":{"name":"(anonymous_2)","decl":{"start":{"line":18,"column":2},"end":{"line":18,"column":3}},"loc":{"start":{"line":18,"column":13},"end":{"line":21,"column":3}},"line":18},"3":{"name":"(anonymous_3)","decl":{"start":{"line":23,"column":2},"end":{"line":23,"column":3}},"loc":{"start":{"line":23,"column":19},"end":{"line":33,"column":3}},"line":23},"4":{"name":"(anonymous_4)","decl":{"start":{"line":24,"column":36},"end":{"line":24,"column":37}},"loc":{"start":{"line":24,"column":54},"end":{"line":30,"column":5}},"line":24},"5":{"name":"(anonymous_5)","decl":{"start":{"line":26,"column":17},"end":{"line":26,"column":18}},"loc":{"start":{"line":26,"column":27},"end":{"line":27,"column":9}},"line":26},"6":{"name":"(anonymous_6)","decl":{"start":{"line":36,"column":2},"end":{"line":36,"column":3}},"loc":{"start":{"line":36,"column":27},"end":{"line":50,"column":3}},"line":36},"7":{"name":"(anonymous_7)","decl":{"start":{"line":54,"column":2},"end":{"line":54,"column":3}},"loc":{"start":{"line":54,"column":11},"end":{"line":57,"column":3}},"line":54},"8":{"name":"(anonymous_8)","decl":{"start":{"line":60,"column":2},"end":{"line":60,"column":3}},"loc":{"start":{"line":60,"column":22},"end":{"line":62,"column":3}},"line":60},"9":{"name":"(anonymous_9)","decl":{"start":{"line":65,"column":2},"end":{"line":65,"column":3}},"loc":{"start":{"line":65,"column":14},"end":{"line":67,"column":3}},"line":65},"10":{"name":"(anonymous_10)","decl":{"start":{"line":70,"column":2},"end":{"line":70,"column":3}},"loc":{"start":{"line":70,"column":13},"end":{"line":73,"column":3}},"line":70}},"branchMap":{"0":{"loc":{"start":{"line":25,"column":6},"end":{"line":29,"column":7}},"type":"if","locations":[{"start":{"line":25,"column":6},"end":{"line":29,"column":7}},{"start":{"line":25,"column":6},"end":{"line":29,"column":7}}],"line":25},"1":{"loc":{"start":{"line":45,"column":4},"end":{"line":49,"column":5}},"type":"if","locations":[{"start":{"line":45,"column":4},"end":{"line":49,"column":5}},{"start":{"line":45,"column":4},"end":{"line":49,"column":5}}],"line":45},"2":{"loc":{"start":{"line":55,"column":24},"end":{"line":55,"column":43}},"type":"cond-expr","locations":[{"start":{"line":55,"column":30},"end":{"line":55,"column":38}},{"start":{"line":55,"column":41},"end":{"line":55,"column":43}}],"line":55}},"s":{"0":36,"1":26,"2":26,"3":0,"4":0,"5":6,"6":6,"7":6,"8":6,"9":6,"10":6,"11":2,"12":2,"13":1,"14":1,"15":23,"16":23,"17":10,"18":1,"19":1,"20":1,"21":5},"f":{"0":36,"1":26,"2":0,"3":6,"4":6,"5":6,"6":2,"7":23,"8":10,"9":1,"10":1},"b":{"0":[6,0],"1":[1,1],"2":[15,8]},"_coverageSchema":"1a1c01bbd47fc00a2c39e90264f33305004495a9","hash":"bbeba7a870de6c3dd4085a76303b6a831b84ec41"}
,"/Users/wenhaopiao/Desktop/repo/codefellows/HeyNeighbor/backend/schemas/rental-schema.js": {"path":"/Users/wenhaopiao/Desktop/repo/codefellows/HeyNeighbor/backend/schemas/rental-schema.js","statementMap":{"0":{"start":{"line":3,"column":17},"end":{"line":3,"column":36}},"1":{"start":{"line":4,"column":15},"end":{"line":4,"column":30}},"2":{"start":{"line":6,"column":21},"end":{"line":15,"column":2}},"3":{"start":{"line":24,"column":0},"end":{"line":51,"column":3}},"4":{"start":{"line":25,"column":2},"end":{"line":25,"column":41}},"5":{"start":{"line":27,"column":2},"end":{"line":29,"column":3}},"6":{"start":{"line":28,"column":4},"end":{"line":28,"column":46}},"7":{"start":{"line":31,"column":2},"end":{"line":49,"column":3}},"8":{"start":{"line":33,"column":4},"end":{"line":33,"column":43}},"9":{"start":{"line":34,"column":4},"end":{"line":34,"column":10}},"10":{"start":{"line":36,"column":4},"end":{"line":36,"column":44}},"11":{"start":{"line":37,"column":4},"end":{"line":37,"column":10}},"12":{"start":{"line":39,"column":4},"end":{"line":39,"column":41}},"13":{"start":{"line":40,"column":4},"end":{"line":40,"column":10}},"14":{"start":{"line":42,"column":4},"end":{"line":42,"column":39}},"15":{"start":{"line":43,"column":4},"end":{"line":43,"column":10}},"16":{"start":{"line":45,"column":4},"end":{"line":45,"column":28}},"17":{"start":{"line":46,"column":4},"end":{"line":46,"column":10}},"18":{"start":{"line":48,"column":4},"end":{"line":48,"column":10}},"19":{"start":{"line":56,"column":0},"end":{"line":56,"column":59}}},"fnMap":{"0":{"name":"(anonymous_0)","decl":{"start":{"line":24,"column":25},"end":{"line":24,"column":26}},"loc":{"start":{"line":24,"column":35},"end":{"line":51,"column":1}},"line":24}},"branchMap":{"0":{"loc":{"start":{"line":27,"column":2},"end":{"line":29,"column":3}},"type":"if","locations":[{"start":{"line":27,"column":2},"end":{"line":29,"column":3}},{"start":{"line":27,"column":2},"end":{"line":29,"column":3}}],"line":27},"1":{"loc":{"start":{"line":31,"column":2},"end":{"line":49,"column":3}},"type":"switch","locations":[{"start":{"line":32,"column":2},"end":{"line":34,"column":10}},{"start":{"line":35,"column":2},"end":{"line":37,"column":10}},{"start":{"line":38,"column":2},"end":{"line":40,"column":10}},{"start":{"line":41,"column":2},"end":{"line":43,"column":10}},{"start":{"line":44,"column":2},"end":{"line":46,"column":10}},{"start":{"line":47,"column":2},"end":{"line":48,"column":10}}],"line":31}},"s":{"0":4,"1":4,"2":4,"3":4,"4":9,"5":9,"6":3,"7":9,"8":3,"9":3,"10":2,"11":2,"12":2,"13":2,"14":2,"15":2,"16":0,"17":0,"18":0,"19":4},"f":{"0":9},"b":{"0":[3,6],"1":[3,2,2,2,0,0]},"_coverageSchema":"1a1c01bbd47fc00a2c39e90264f33305004495a9","hash":"b1cc430754faaac7d4c2b3f2a7579b72cb02f7e9"}
,"/Users/wenhaopiao/Desktop/repo/codefellows/HeyNeighbor/backend/schemas/review-schema.js": {"path":"/Users/wenhaopiao/Desktop/repo/codefellows/HeyNeighbor/backend/schemas/review-schema.js","statementMap":{"0":{"start":{"line":3,"column":17},"end":{"line":3,"column":36}},"1":{"start":{"line":4,"column":15},"end":{"line":4,"column":30}},"2":{"start":{"line":13,"column":21},"end":{"line":24,"column":2}},"3":{"start":{"line":26,"column":0},"end":{"line":26,"column":56}}},"fnMap":{},"branchMap":{},"s":{"0":4,"1":4,"2":4,"3":4},"f":{},"b":{},"_coverageSchema":"1a1c01bbd47fc00a2c39e90264f33305004495a9","hash":"d84b4f098cba125639120781c3bbe80dff6a9720"}
,"/Users/wenhaopiao/Desktop/repo/codefellows/HeyNeighbor/backend/schemas/user-model.js": {"path":"/Users/wenhaopiao/Desktop/repo/codefellows/HeyNeighbor/backend/schemas/user-model.js","statementMap":{"0":{"start":{"line":4,"column":12},"end":{"line":4,"column":35}},"1":{"start":{"line":5,"column":15},"end":{"line":5,"column":34}},"2":{"start":{"line":6,"column":15},"end":{"line":6,"column":32}},"3":{"start":{"line":9,"column":15},"end":{"line":9,"column":42}},"4":{"start":{"line":10,"column":14},"end":{"line":10,"column":35}},"5":{"start":{"line":12,"column":0},"end":{"line":12,"column":16}},"6":{"start":{"line":16,"column":4},"end":{"line":16,"column":18}},"7":{"start":{"line":24,"column":21},"end":{"line":24,"column":75}},"8":{"start":{"line":25,"column":4},"end":{"line":31,"column":5}},"9":{"start":{"line":26,"column":6},"end":{"line":26,"column":88}},"10":{"start":{"line":29,"column":6},"end":{"line":29,"column":60}},"11":{"start":{"line":30,"column":6},"end":{"line":30,"column":33}},"12":{"start":{"line":35,"column":21},"end":{"line":35,"column":39}},"13":{"start":{"line":36,"column":18},"end":{"line":36,"column":61}},"14":{"start":{"line":37,"column":4},"end":{"line":37,"column":17}},"15":{"start":{"line":44,"column":26},"end":{"line":44,"column":83}},"16":{"start":{"line":45,"column":4},"end":{"line":57,"column":5}},"17":{"start":{"line":47,"column":6},"end":{"line":47,"column":43}},"18":{"start":{"line":48,"column":30},"end":{"line":48,"column":85}},"19":{"start":{"line":49,"column":6},"end":{"line":53,"column":7}},"20":{"start":{"line":50,"column":8},"end":{"line":50,"column":32}},"21":{"start":{"line":52,"column":8},"end":{"line":52,"column":54}},"22":{"start":{"line":56,"column":6},"end":{"line":56,"column":52}},"23":{"start":{"line":61,"column":0},"end":{"line":61,"column":28}}},"fnMap":{"0":{"name":"(anonymous_0)","decl":{"start":{"line":15,"column":2},"end":{"line":15,"column":3}},"loc":{"start":{"line":15,"column":16},"end":{"line":17,"column":3}},"line":15},"1":{"name":"(anonymous_1)","decl":{"start":{"line":22,"column":2},"end":{"line":22,"column":3}},"loc":{"start":{"line":22,"column":23},"end":{"line":32,"column":3}},"line":22},"2":{"name":"(anonymous_2)","decl":{"start":{"line":34,"column":2},"end":{"line":34,"column":3}},"loc":{"start":{"line":34,"column":27},"end":{"line":38,"column":3}},"line":34},"3":{"name":"(anonymous_3)","decl":{"start":{"line":42,"column":2},"end":{"line":42,"column":3}},"loc":{"start":{"line":42,"column":46},"end":{"line":58,"column":3}},"line":42}},"branchMap":{"0":{"loc":{"start":{"line":25,"column":4},"end":{"line":31,"column":5}},"type":"if","locations":[{"start":{"line":25,"column":4},"end":{"line":31,"column":5}},{"start":{"line":25,"column":4},"end":{"line":31,"column":5}}],"line":25},"1":{"loc":{"start":{"line":45,"column":4},"end":{"line":57,"column":5}},"type":"if","locations":[{"start":{"line":45,"column":4},"end":{"line":57,"column":5}},{"start":{"line":45,"column":4},"end":{"line":57,"column":5}}],"line":45},"2":{"loc":{"start":{"line":49,"column":6},"end":{"line":53,"column":7}},"type":"if","locations":[{"start":{"line":49,"column":6},"end":{"line":53,"column":7}},{"start":{"line":49,"column":6},"end":{"line":53,"column":7}}],"line":49}},"s":{"0":4,"1":4,"2":4,"3":4,"4":4,"5":4,"6":4,"7":2,"8":1,"9":0,"10":1,"11":1,"12":1,"13":1,"14":1,"15":0,"16":0,"17":0,"18":0,"19":0,"20":0,"21":0,"22":0,"23":4},"f":{"0":4,"1":2,"2":1,"3":0},"b":{"0":[0,1],"1":[0,0],"2":[0,0]},"_coverageSchema":"1a1c01bbd47fc00a2c39e90264f33305004495a9","hash":"51bc526ddd2e4c33c4f641d33aeb68fdce9ac4de"}
,"/Users/wenhaopiao/Desktop/repo/codefellows/HeyNeighbor/backend/schemas/user-schema.js": {"path":"/Users/wenhaopiao/Desktop/repo/codefellows/HeyNeighbor/backend/schemas/user-schema.js","statementMap":{"0":{"start":{"line":4,"column":17},"end":{"line":4,"column":36}},"1":{"start":{"line":6,"column":19},"end":{"line":13,"column":2}},"2":{"start":{"line":15,"column":0},"end":{"line":15,"column":52}}},"fnMap":{},"branchMap":{},"s":{"0":5,"1":5,"2":5},"f":{},"b":{},"_coverageSchema":"1a1c01bbd47fc00a2c39e90264f33305004495a9","hash":"4ae511923ff3d3a5beede7999537ea9a6b47f2d0"}
}
