TN:
SF:backend/auth/basic-auth.js
FN:7,(anonymous_0)
FN:17,(anonymous_1)
FN:23,(anonymous_2)
FNF:3
FNH:0
FNDA:0,(anonymous_0)
FNDA:0,(anonymous_1)
FNDA:0,(anonymous_2)
DA:4,4
DA:5,4
DA:7,4
DA:9,0
DA:10,0
DA:13,0
DA:14,0
DA:16,0
DA:19,0
DA:20,0
DA:21,0
DA:23,0
LF:12
LH:3
BRDA:9,0,0,0
BRDA:9,0,1,0
BRF:2
BRH:0
end_of_record
TN:
SF:backend/auth/google-oauth/google-oauth.js
FN:13,googleOAuth
FN:30,exchangeCodeForToken
FN:51,getRemoteUserInfo
FN:55,getUser
FNF:4
FNH:0
FNDA:0,googleOAuth
FNDA:0,exchangeCodeForToken
FNDA:0,getRemoteUserInfo
FNDA:0,getUser
DA:1,4
DA:2,4
DA:3,4
DA:6,4
DA:7,4
DA:8,4
DA:9,4
DA:10,4
DA:11,4
DA:13,4
DA:14,0
DA:15,0
DA:16,0
DA:17,0
DA:18,0
DA:19,0
DA:20,0
DA:21,0
DA:22,0
DA:23,0
DA:24,0
DA:25,0
DA:27,0
DA:31,0
DA:40,0
DA:41,0
DA:42,0
DA:45,0
DA:49,0
DA:52,0
DA:56,0
DA:60,0
DA:61,0
DA:62,0
LF:34
LH:10
BRF:0
BRH:0
end_of_record
TN:
SF:backend/lib/giveMeAStory.js
FN:6,giveMeAStory
FN:9,(anonymous_1)
FNF:2
FNH:2
FNDA:1,giveMeAStory
FNDA:3,(anonymous_1)
DA:8,1
DA:9,1
DA:11,3
DA:12,1
DA:14,2
DA:15,0
DA:17,2
DA:18,0
DA:20,2
DA:21,2
DA:24,0
DA:27,1
DA:30,4
LF:13
LH:10
BRDA:11,0,0,1
BRDA:11,0,1,2
BRDA:14,1,0,0
BRDA:14,1,1,2
BRDA:17,2,0,0
BRDA:17,2,1,2
BRDA:20,3,0,2
BRDA:20,3,1,0
BRF:8
BRH:5
end_of_record
TN:
SF:backend/lib/server.js
FN:31,(anonymous_0)
FN:33,(anonymous_1)
FNF:2
FNH:0
FNDA:0,(anonymous_0)
FNDA:0,(anonymous_1)
DA:6,4
DA:7,4
DA:8,4
DA:9,4
DA:10,4
DA:11,4
DA:14,4
DA:15,4
DA:16,4
DA:17,4
DA:19,4
DA:20,4
DA:21,4
DA:22,4
DA:23,4
DA:24,4
DA:25,4
DA:26,4
DA:27,4
DA:29,4
DA:32,0
DA:33,0
LF:22
LH:20
BRDA:32,0,0,0
BRDA:32,0,1,0
BRDA:32,0,2,0
BRF:3
BRH:0
end_of_record
TN:
SF:backend/routes/itemRoutes.js
FN:18,getITEM
FN:20,(anonymous_1)
FN:23,(anonymous_2)
FN:29,postITEM
FN:31,(anonymous_4)
FN:34,(anonymous_5)
FN:40,putITEM
FN:42,(anonymous_7)
FN:45,(anonymous_8)
FN:51,deactivateITEM
FNF:10
FNH:7
FNDA:6,getITEM
FNDA:6,(anonymous_1)
FNDA:0,(anonymous_2)
FNDA:4,postITEM
FNDA:4,(anonymous_4)
FNDA:0,(anonymous_5)
FNDA:2,putITEM
FNDA:2,(anonymous_7)
FNDA:0,(anonymous_8)
FNDA:2,deactivateITEM
DA:3,4
DA:5,4
DA:7,4
DA:8,4
DA:9,4
DA:11,4
DA:12,4
DA:13,4
DA:14,4
DA:15,4
DA:19,6
DA:21,6
DA:24,0
DA:30,4
DA:32,4
DA:35,0
DA:41,2
DA:43,2
DA:46,0
DA:52,2
DA:53,2
DA:54,1
DA:56,1
DA:60,4
LF:24
LH:21
BRF:0
BRH:0
end_of_record
TN:
SF:backend/routes/rentalRoutes.js
FN:21,getPrettyRecords
FN:31,(anonymous_1)
FN:51,createRentalDoc
FN:64,incrementRentalProcess
FN:88,getRentalDocs
FN:99,deactivateRentalDoc
FNF:6
FNH:6
FNDA:1,getPrettyRecords
FNDA:3,(anonymous_1)
FNDA:3,createRentalDoc
FNDA:6,incrementRentalProcess
FNDA:2,getRentalDocs
FNDA:4,deactivateRentalDoc
DA:4,4
DA:5,4
DA:7,4
DA:8,4
DA:9,4
DA:10,4
DA:12,4
DA:13,4
DA:14,4
DA:15,4
DA:16,4
DA:17,4
DA:23,1
DA:24,1
DA:28,1
DA:30,1
DA:31,1
DA:32,3
DA:33,3
DA:34,3
DA:35,3
DA:36,3
DA:37,3
DA:38,3
DA:41,1
DA:43,1
DA:45,0
DA:52,3
DA:53,3
DA:54,3
DA:55,3
DA:57,0
DA:65,6
DA:66,6
DA:67,6
DA:68,6
DA:69,6
DA:70,6
DA:71,2
DA:75,4
DA:76,2
DA:81,6
DA:83,0
DA:89,2
DA:90,2
DA:91,2
DA:92,2
DA:94,0
DA:100,4
DA:101,4
DA:102,4
DA:103,4
DA:104,2
DA:106,2
DA:107,2
DA:112,4
LF:56
LH:52
BRDA:70,0,0,2
BRDA:70,0,1,4
BRDA:75,1,0,2
BRDA:75,1,1,2
BRDA:103,2,0,2
BRDA:103,2,1,2
BRF:6
BRH:6
end_of_record
TN:
SF:backend/routes/reviewRoutes.js
FN:11,(anonymous_0)
FN:17,(anonymous_1)
FN:25,(anonymous_2)
FN:32,(anonymous_3)
FN:42,(anonymous_4)
FN:45,(anonymous_5)
FN:48,(anonymous_6)
FN:53,(anonymous_7)
FN:56,(anonymous_8)
FN:59,(anonymous_9)
FNF:10
FNH:4
FNDA:1,(anonymous_0)
FNDA:1,(anonymous_1)
FNDA:2,(anonymous_2)
FNDA:2,(anonymous_3)
FNDA:0,(anonymous_4)
FNDA:0,(anonymous_5)
FNDA:0,(anonymous_6)
FNDA:0,(anonymous_7)
FNDA:0,(anonymous_8)
FNDA:0,(anonymous_9)
DA:3,4
DA:5,4
DA:6,4
DA:7,4
DA:11,4
DA:12,1
DA:13,1
DA:14,1
DA:17,4
DA:18,1
DA:19,1
DA:20,1
DA:25,4
DA:27,2
DA:28,2
DA:29,2
DA:32,4
DA:33,2
DA:34,2
DA:35,2
DA:36,2
DA:38,0
DA:42,4
DA:43,0
DA:44,0
DA:46,0
DA:49,0
DA:53,4
DA:54,0
DA:55,0
DA:57,0
DA:60,0
DA:66,4
LF:33
LH:24
BRF:0
BRH:0
end_of_record
TN:
SF:backend/routes/userRoutes.js
FN:15,(anonymous_0)
FN:19,(anonymous_1)
FN:33,(anonymous_2)
FN:64,(anonymous_3)
FN:68,handleSignin
FN:73,handleSignup
FN:75,(anonymous_6)
FN:80,(anonymous_7)
FN:86,getAllActiveUsers
FN:89,(anonymous_9)
FN:96,getAllUsers
FN:99,(anonymous_11)
FN:105,getUserById
FN:107,(anonymous_13)
FN:110,(anonymous_14)
FN:115,createUser
FN:126,updateUser
FN:132,deactivateUser
FNF:18
FNH:11
FNDA:0,(anonymous_0)
FNDA:0,(anonymous_1)
FNDA:1,(anonymous_2)
FNDA:1,(anonymous_3)
FNDA:0,handleSignin
FNDA:2,handleSignup
FNDA:1,(anonymous_6)
FNDA:1,(anonymous_7)
FNDA:0,getAllActiveUsers
FNDA:0,(anonymous_9)
FNDA:1,getAllUsers
FNDA:2,(anonymous_11)
FNDA:1,getUserById
FNDA:1,(anonymous_13)
FNDA:0,(anonymous_14)
FNDA:11,createUser
FNDA:1,updateUser
FNDA:0,deactivateUser
DA:4,4
DA:5,4
DA:6,4
DA:7,4
DA:8,4
DA:9,4
DA:10,4
DA:11,4
DA:13,4
DA:15,4
DA:16,0
DA:17,0
DA:18,0
DA:20,0
DA:21,0
DA:22,0
DA:28,0
DA:29,0
DA:33,4
DA:34,1
DA:35,1
DA:36,1
DA:39,1
DA:40,1
DA:43,0
DA:47,4
DA:48,4
DA:50,4
DA:52,4
DA:53,4
DA:54,4
DA:60,4
DA:61,4
DA:64,4
DA:65,1
DA:69,0
DA:74,2
DA:77,1
DA:78,1
DA:81,1
DA:87,0
DA:88,0
DA:89,0
DA:90,0
DA:92,0
DA:97,1
DA:99,1
DA:100,2
DA:102,1
DA:106,1
DA:108,1
DA:111,0
DA:116,11
DA:117,11
DA:118,10
DA:119,10
DA:120,10
DA:122,1
DA:128,1
DA:129,1
DA:133,0
DA:134,0
DA:135,0
DA:138,0
DA:141,4
LF:65
LH:45
BRDA:39,0,0,1
BRDA:39,0,1,0
BRF:2
BRH:1
end_of_record
TN:
SF:backend/schemas/item-schema.js
FN:18,(anonymous_0)
FNF:1
FNH:1
FNDA:4,(anonymous_0)
DA:3,4
DA:4,4
DA:6,4
DA:19,4
DA:20,4
DA:21,0
DA:27,4
LF:7
LH:6
BRDA:19,0,0,4
BRDA:19,0,1,0
BRF:2
BRH:1
end_of_record
TN:
SF:backend/schemas/model.js
FN:7,(anonymous_0)
FN:13,(anonymous_1)
FN:18,(anonymous_2)
FN:23,(anonymous_3)
FN:24,(anonymous_4)
FN:26,(anonymous_5)
FN:36,(anonymous_6)
FN:54,(anonymous_7)
FN:60,(anonymous_8)
FN:65,(anonymous_9)
FN:70,(anonymous_10)
FNF:11
FNH:10
FNDA:36,(anonymous_0)
FNDA:26,(anonymous_1)
FNDA:0,(anonymous_2)
FNDA:6,(anonymous_3)
FNDA:6,(anonymous_4)
FNDA:6,(anonymous_5)
FNDA:2,(anonymous_6)
FNDA:23,(anonymous_7)
FNDA:10,(anonymous_8)
FNDA:1,(anonymous_9)
FNDA:1,(anonymous_10)
DA:8,36
DA:14,26
DA:15,26
DA:19,0
DA:20,0
DA:24,6
DA:25,6
DA:26,6
DA:28,6
DA:31,6
DA:32,6
DA:37,2
DA:45,2
DA:46,1
DA:48,1
DA:55,23
DA:56,23
DA:61,10
DA:66,1
DA:71,1
DA:72,1
DA:76,5
LF:22
LH:20
BRDA:25,0,0,6
BRDA:25,0,1,0
BRDA:45,1,0,1
BRDA:45,1,1,1
BRDA:55,2,0,15
BRDA:55,2,1,8
BRF:6
BRH:5
end_of_record
TN:
SF:backend/schemas/rental-schema.js
FN:24,(anonymous_0)
FNF:1
FNH:1
FNDA:9,(anonymous_0)
DA:3,4
DA:4,4
DA:6,4
DA:24,4
DA:25,9
DA:27,9
DA:28,3
DA:31,9
DA:33,3
DA:34,3
DA:36,2
DA:37,2
DA:39,2
DA:40,2
DA:42,2
DA:43,2
DA:45,0
DA:46,0
DA:48,0
DA:56,4
LF:20
LH:17
BRDA:27,0,0,3
BRDA:27,0,1,6
BRDA:31,1,0,3
BRDA:31,1,1,2
BRDA:31,1,2,2
BRDA:31,1,3,2
BRDA:31,1,4,0
BRDA:31,1,5,0
BRF:8
BRH:6
end_of_record
TN:
SF:backend/schemas/review-schema.js
FNF:0
FNH:0
DA:3,4
DA:4,4
DA:13,4
DA:26,4
LF:4
LH:4
BRF:0
BRH:0
end_of_record
TN:
SF:backend/schemas/user-model.js
FN:15,(anonymous_0)
FN:22,(anonymous_1)
FN:34,(anonymous_2)
FN:42,(anonymous_3)
FNF:4
FNH:3
FNDA:4,(anonymous_0)
FNDA:2,(anonymous_1)
FNDA:1,(anonymous_2)
FNDA:0,(anonymous_3)
DA:4,4
DA:5,4
DA:6,4
DA:9,4
DA:10,4
DA:12,4
DA:16,4
DA:24,2
DA:25,1
DA:26,0
DA:29,1
DA:30,1
DA:35,1
DA:36,1
DA:37,1
DA:44,0
DA:45,0
DA:47,0
DA:48,0
DA:49,0
DA:50,0
DA:52,0
DA:56,0
DA:61,4
LF:24
LH:15
BRDA:25,0,0,0
BRDA:25,0,1,1
BRDA:45,1,0,0
BRDA:45,1,1,0
BRDA:49,2,0,0
BRDA:49,2,1,0
BRF:6
BRH:1
end_of_record
TN:
SF:backend/schemas/user-schema.js
FNF:0
FNH:0
DA:4,5
DA:6,5
DA:15,5
LF:3
LH:3
BRF:0
BRH:0
end_of_record
